<?xml version="1.0" encoding="UTF-8"?>
<testng-results skipped="0" failed="0" ignored="0" total="2" passed="2">
  <reporter-output>
  </reporter-output>
  <suite name="Default suite" duration-ms="762" started-at="2022-07-15T19:23:52 IST" finished-at="2022-07-15T19:23:53 IST">
    <groups>
    </groups>
    <test name="Default test" duration-ms="762" started-at="2022-07-15T19:23:52 IST" finished-at="2022-07-15T19:23:53 IST">
      <class name="com.test.vagrant.Assignment">
        <test-method status="PASS" signature="WicketKeeper()[pri:0, instance:com.test.vagrant.Assignment@1e7c7811]" name="WicketKeeper" duration-ms="606" started-at="2022-07-15T19:23:52 IST" finished-at="2022-07-15T19:23:53 IST">
          <reporter-output>
          </reporter-output>
        </test-method> <!-- WicketKeeper -->
        <test-method status="PASS" signature="forigenPlayer()[pri:0, instance:com.test.vagrant.Assignment@1e7c7811]" name="forigenPlayer" duration-ms="131" started-at="2022-07-15T19:23:53 IST" finished-at="2022-07-15T19:23:53 IST">
          <reporter-output>
          </reporter-output>
        </test-method> <!-- forigenPlayer -->
      </class> <!-- com.test.vagrant.Assignment -->
    </test> <!-- Default test -->
  </suite> <!-- Default suite -->
</testng-results>
